This file contains any messages produced by compilers while
running configure, to aid debugging if configure makes a mistake.

configure:613: checking host system type
configure:634: checking target system type
configure:652: checking build system type
configure:687: checking for a BSD compatible install
configure:740: checking whether build environment is sane
configure:797: checking whether make sets ${MAKE}
configure:843: checking for working aclocal
configure:856: checking for working autoconf
configure:869: checking for working automake
configure:882: checking for working autoheader
configure:895: checking for working makeinfo
configure:928: checking for gcc
configure:1041: checking whether the C compiler (gcc  ) works
configure:1057: gcc -o conftest    conftest.c  1>&5
configure:1083: checking whether the C compiler (gcc  ) is a cross-compiler
configure:1088: checking whether we are using GNU C
configure:1097: gcc -E conftest.c
configure:1116: checking whether gcc accepts -g
configure:1148: checking for POSIXized ISC
configure:1171: checking for gcc
configure:1284: checking whether the C compiler (gcc -g -O2 ) works
configure:1300: gcc -o conftest -g -O2   conftest.c  1>&5
configure:1326: checking whether the C compiler (gcc -g -O2 ) is a cross-compiler
configure:1331: checking whether we are using GNU C
configure:1359: checking whether gcc accepts -g
configure:1391: checking how to run the C preprocessor
configure:1412: gcc -E  conftest.c >/dev/null 2>conftest.out
configure:1471: checking for ANSI C header files
configure:1484: gcc -E  conftest.c >/dev/null 2>conftest.out
configure:1551: gcc -o conftest -g -O2   conftest.c  1>&5
configure:1666: checking for ranlib
configure:1705: checking for ld used by GCC
configure:1767: checking if the linker (/usr/i686-pc-linux-gnu/bin/ld) is GNU ld
GNU ld version 2.13.90.0.16 20021126
configure:1783: checking for BSD-compatible nm
configure:1819: checking whether ln -s works
ltconfig:603: checking for object suffix
ltconfig:604: gcc -c -g -O2  conftest.c 1>&5
ltconfig:629: checking for executable suffix
ltconfig:630: gcc -o conftest -g -O2   conftest.c  1>&5
ltconfig:776: checking if gcc PIC flag -fPIC works
ltconfig:777: gcc -c -g -O2 -fPIC -DPIC  conftest.c 1>&5
ltconfig:829: checking if gcc supports -c -o file.o
ltconfig:830: gcc -c -g -O2 -o out/conftest2.o  conftest.c 1>&5
ltconfig:862: checking if gcc supports -c -o file.lo
ltconfig:863: gcc -c -g -O2 -c -o conftest.lo  conftest.c 1>&5
ltconfig:914: checking if gcc supports -fno-rtti -fno-exceptions
ltconfig:915: gcc -c -g -O2 -fno-rtti -fno-exceptions -c conftest.c  conftest.c 1>&5
ltconfig:958: checking if gcc static flag -static works
ltconfig:959: gcc -o conftest -g -O2   -static conftest.c  1>&5
GNU ld version 2.13.90.0.16 20021126
ltconfig:1653: checking if global_symbol_pipe works
ltconfig:1654: gcc -c -g -O2  conftest.c 1>&5
ltconfig:1657: eval "/usr/bin/nm -B conftest.o | sed -n -e 's/^.*[ 	]\([ABCDGISTW]\)[ 	][ 	]*\(\)\([_A-Za-z][_A-Za-z0-9]*\)$/\1 \2\3 \3/p' > conftest.nm"
ltconfig:1709: gcc -o conftest -g -O2 -fno-builtin -fno-rtti -fno-exceptions   conftest.c conftstm.o 1>&5
configure:2010: checking whether to enable maintainer-specific portions of Makefiles
configure:2085: checking for gtk-config
configure:2120: checking for GTK - version >= 1.2.0
configure:2221: gcc -o conftest -g -O2 -I/usr/include/gtk-1.2 -I/usr/include/glib-1.2 -I/usr/lib/glib/include -I/usr/X11R6/include   conftest.c -L/usr/lib -L/usr/X11R6/lib -lgtk -lgdk -rdynamic -lgmodule -lglib -ldl -lXi -lXext -lX11 -lm  1>&5
configure:2321: checking for XpmFreeXpmImage in -lXpm
configure:2340: gcc -o conftest -g -O2  -I/usr/include/gtk-1.2 -I/usr/include/glib-1.2 -I/usr/lib/glib/include -I/usr/X11R6/include  -L/usr/lib -L/usr/X11R6/lib -lgtk -lgdk -rdynamic -lgmodule -lglib -ldl -lXi -lXext -lX11 -lm conftest.c -lXpm   1>&5
configure:2386: checking for gawk
configure:2420: checking for perl5
configure:2420: checking for perl
configure:2453: checking for gtkdoc-mkdb
configure:2513: checking for indent
configure:2570: checking for floor in -lm
configure:2589: gcc -o conftest -g -O2  -I/usr/include/gtk-1.2 -I/usr/include/glib-1.2 -I/usr/lib/glib/include -I/usr/X11R6/include  conftest.c -lm   1>&5
configure:2621: checking for dlfcn.h
configure:2631: gcc -E  -I/usr/include/gtk-1.2 -I/usr/include/glib-1.2 -I/usr/lib/glib/include -I/usr/X11R6/include conftest.c >/dev/null 2>conftest.out
configure:2621: checking for dl.h
configure:2631: gcc -E  -I/usr/include/gtk-1.2 -I/usr/include/glib-1.2 -I/usr/lib/glib/include -I/usr/X11R6/include conftest.c >/dev/null 2>conftest.out
configure:2627:16: dl.h: No such file or directory
configure: failed program was:
#line 2626 "configure"
#include "confdefs.h"
#include <dl.h>
configure:2621: checking for locale.h
configure:2631: gcc -E  -I/usr/include/gtk-1.2 -I/usr/include/glib-1.2 -I/usr/lib/glib/include -I/usr/X11R6/include conftest.c >/dev/null 2>conftest.out
configure:2662: checking for dlopen
configure:2690: gcc -o conftest -g -O2  -I/usr/include/gtk-1.2 -I/usr/include/glib-1.2 -I/usr/lib/glib/include -I/usr/X11R6/include  conftest.c -lm  1>&5
/tmp/ccUZddvN.o(.text+0xa): In function `main':
/home/denys/src/Mozart/release/gtk-canvas-1/configure:2684: undefined reference to `dlopen'
collect2: ld returned 1 exit status
configure: failed program was:
#line 2667 "configure"
#include "confdefs.h"
/* System header to define __stub macros and hopefully few prototypes,
    which can conflict with char dlopen(); below.  */
#include <assert.h>
/* Override any gcc2 internal prototype to avoid an error.  */
/* We use char because int might match the return type of a gcc2
    builtin and then its argument prototype would still apply.  */
char dlopen();

int main() {

/* The GNU C library defines this for functions which it implements
    to always fail with ENOSYS.  Some functions are actually named
    something starting with __ and the normal name is an alias.  */
#if defined (__stub_dlopen) || defined (__stub___dlopen)
choke me
#else
dlopen();
#endif

; return 0; }
configure:2712: checking for dlopen in -ldl
configure:2731: gcc -o conftest -g -O2  -I/usr/include/gtk-1.2 -I/usr/include/glib-1.2 -I/usr/lib/glib/include -I/usr/X11R6/include  conftest.c -ldl  -lm  1>&5
configure:2858: checking for dlerror
configure:2886: gcc -o conftest -g -O2  -I/usr/include/gtk-1.2 -I/usr/include/glib-1.2 -I/usr/lib/glib/include -I/usr/X11R6/include  conftest.c -lm  -ldl 1>&5
configure:2916: checking for strerror
configure:2944: gcc -o conftest -g -O2  -I/usr/include/gtk-1.2 -I/usr/include/glib-1.2 -I/usr/lib/glib/include -I/usr/X11R6/include  conftest.c -lm  1>&5
configure:2916: checking for gethostbyname
configure:2944: gcc -o conftest -g -O2  -I/usr/include/gtk-1.2 -I/usr/include/glib-1.2 -I/usr/lib/glib/include -I/usr/X11R6/include  conftest.c -lm  1>&5
configure:2916: checking for setfsgid
configure:2944: gcc -o conftest -g -O2  -I/usr/include/gtk-1.2 -I/usr/include/glib-1.2 -I/usr/lib/glib/include -I/usr/X11R6/include  conftest.c -lm  1>&5
configure:2916: checking for setenv
configure:2944: gcc -o conftest -g -O2  -I/usr/include/gtk-1.2 -I/usr/include/glib-1.2 -I/usr/lib/glib/include -I/usr/X11R6/include  conftest.c -lm  1>&5
configure:2916: checking for putenv
configure:2944: gcc -o conftest -g -O2  -I/usr/include/gtk-1.2 -I/usr/include/glib-1.2 -I/usr/lib/glib/include -I/usr/X11R6/include  conftest.c -lm  1>&5
configure:2916: checking for strdup
configure:2944: gcc -o conftest -g -O2  -I/usr/include/gtk-1.2 -I/usr/include/glib-1.2 -I/usr/lib/glib/include -I/usr/X11R6/include  conftest.c -lm  1>&5
configure:3014: checking for inet_aton
configure:3042: gcc -o conftest -g -O2  -I/usr/include/gtk-1.2 -I/usr/include/glib-1.2 -I/usr/lib/glib/include -I/usr/X11R6/include  conftest.c -lm  1>&5
configure:3114: checking for gtk_signal_handler_pending
configure:3142: gcc -o conftest -g -O2  -I/usr/include/gtk-1.2 -I/usr/include/glib-1.2 -I/usr/lib/glib/include -I/usr/X11R6/include  conftest.c -L/usr/lib -L/usr/X11R6/lib -lgtk -lgdk -rdynamic -lgmodule -lglib -ldl -lXi -lXext -lX11 -lm   -lm  1>&5
configure:3170: checking for stropts.h
configure:3180: gcc -E  -I/usr/include/gtk-1.2 -I/usr/include/glib-1.2 -I/usr/lib/glib/include -I/usr/X11R6/include conftest.c >/dev/null 2>conftest.out
configure:3206: checking for dlfcn.h
configure:3245: checking for grantpt in -lpt
configure:3264: gcc -o conftest -g -O2  -I/usr/include/gtk-1.2 -I/usr/include/glib-1.2 -I/usr/lib/glib/include -I/usr/X11R6/include  conftest.c -lpt  -lm  1>&5
/usr/lib/gcc-lib/i686-pc-linux-gnu/3.2.1/../../../../i686-pc-linux-gnu/bin/ld: cannot find -lpt
collect2: ld returned 1 exit status
configure: failed program was:
#line 3253 "configure"
#include "confdefs.h"
/* Override any gcc2 internal prototype to avoid an error.  */
/* We use char because int might match the return type of a gcc2
    builtin and then its argument prototype would still apply.  */
char grantpt();

int main() {
grantpt()
; return 0; }
configure:3296: checking for inflate in -lz
configure:3315: gcc -o conftest -g -O2  -I/usr/include/gtk-1.2 -I/usr/include/glib-1.2 -I/usr/lib/glib/include -I/usr/X11R6/include  conftest.c -lz  -lm  1>&5
configure:3332: checking for zlib.h
configure:3342: gcc -E  -I/usr/include/gtk-1.2 -I/usr/include/glib-1.2 -I/usr/lib/glib/include -I/usr/X11R6/include conftest.c >/dev/null 2>conftest.out
configure:3371: checking for compress in -lz
configure:3390: gcc -o conftest -g -O2  -I/usr/include/gtk-1.2 -I/usr/include/glib-1.2 -I/usr/lib/glib/include -I/usr/X11R6/include  conftest.c -lz  -lm  1>&5
configure:3424: checking for jpeg_destroy_decompress in -ljpeg
configure:3443: gcc -o conftest -g -O2  -I/usr/include/gtk-1.2 -I/usr/include/glib-1.2 -I/usr/lib/glib/include -I/usr/X11R6/include  conftest.c -ljpeg  -lz -lm  1>&5
configure:3466: checking for jpeglib.h
configure:3479: gcc -E  -I/usr/include/gtk-1.2 -I/usr/include/glib-1.2 -I/usr/lib/glib/include -I/usr/X11R6/include conftest.c >/dev/null 2>conftest.out
configure:3502: checking for TIFFReadScanline in -ltiff
configure:3521: gcc -o conftest -g -O2  -I/usr/include/gtk-1.2 -I/usr/include/glib-1.2 -I/usr/lib/glib/include -I/usr/X11R6/include  conftest.c -ltiff -lm -lz -lm  1>&5
configure:3538: checking for tiffio.h
configure:3548: gcc -E  -I/usr/include/gtk-1.2 -I/usr/include/glib-1.2 -I/usr/lib/glib/include -I/usr/X11R6/include conftest.c >/dev/null 2>conftest.out
configure:3728: checking for DGifOpenFileName in -lgif
configure:3747: gcc -o conftest -g -O2  -I/usr/include/gtk-1.2 -I/usr/include/glib-1.2 -I/usr/lib/glib/include -I/usr/X11R6/include  conftest.c -lgif -L/usr/lib -L/usr/X11R6/lib -lgtk -lgdk -rdynamic -lgmodule -lglib -ldl -lXi -lXext -lX11 -lm -lz -lm  1>&5
configure:3764: checking for gif_lib.h
configure:3774: gcc -E  -I/usr/include/gtk-1.2 -I/usr/include/glib-1.2 -I/usr/lib/glib/include -I/usr/X11R6/include conftest.c >/dev/null 2>conftest.out
configure:3804: checking for DGifOpenFileName in -lungif
configure:3823: gcc -o conftest -g -O2  -I/usr/include/gtk-1.2 -I/usr/include/glib-1.2 -I/usr/lib/glib/include -I/usr/X11R6/include  conftest.c -lungif -L/usr/lib -L/usr/X11R6/lib -lgtk -lgdk -rdynamic -lgmodule -lglib -ldl -lXi -lXext -lX11 -lm -lz -lm  1>&5
configure:3840: checking for gif_lib.h
configure:3880: checking for png_read_info in -lpng
configure:3899: gcc -o conftest -g -O2  -I/usr/include/gtk-1.2 -I/usr/include/glib-1.2 -I/usr/lib/glib/include -I/usr/X11R6/include  conftest.c -lpng -lz -lm -lz -lm  1>&5
configure:3916: checking for png.h
configure:3926: gcc -E  -I/usr/include/gtk-1.2 -I/usr/include/glib-1.2 -I/usr/lib/glib/include -I/usr/X11R6/include conftest.c >/dev/null 2>conftest.out
configure:3954: checking for png_structp in png.h
configure:3964: gcc -c -g -O2  -I/usr/include/gtk-1.2 -I/usr/include/glib-1.2 -I/usr/lib/glib/include -I/usr/X11R6/include conftest.c 1>&5
configure:3975: checking for png_get_IHDR in -lpng
configure:3994: gcc -o conftest -g -O2  -I/usr/include/gtk-1.2 -I/usr/include/glib-1.2 -I/usr/lib/glib/include -I/usr/X11R6/include  conftest.c -lpng  -lz -lm  1>&5
configure:4027: checking for strdup
configure:4083: checking for utime.h
configure:4093: gcc -E  -I/usr/include/gtk-1.2 -I/usr/include/glib-1.2 -I/usr/lib/glib/include -I/usr/X11R6/include conftest.c >/dev/null 2>conftest.out
configure:4123: checking for unistd.h
configure:4133: gcc -E  -I/usr/include/gtk-1.2 -I/usr/include/glib-1.2 -I/usr/lib/glib/include -I/usr/X11R6/include conftest.c >/dev/null 2>conftest.out
configure:4162: checking for getpagesize
configure:4190: gcc -o conftest -g -O2  -I/usr/include/gtk-1.2 -I/usr/include/glib-1.2 -I/usr/lib/glib/include -I/usr/X11R6/include  conftest.c -lz -lm  1>&5
configure:4215: checking for working mmap
configure:4363: gcc -o conftest -g -O2  -I/usr/include/gtk-1.2 -I/usr/include/glib-1.2 -I/usr/lib/glib/include -I/usr/X11R6/include  conftest.c -lz -lm  1>&5
configure:4386: checking for umode_t
configure:4460: checking for imlib-config
configure:4495: checking for IMLIB - version >= 1.9
configure:4557: gcc -o conftest -g -O2 -I/usr/include/gtk-1.2 -I/usr/include/glib-1.2 -I/usr/lib/glib/include -I/usr/X11R6/include -I/usr/X11R6/include  -I/usr/include/gtk-1.2 -I/usr/include/glib-1.2 -I/usr/lib/glib/include -I/usr/X11R6/include  conftest.c -lz -lm  -L/usr/lib -lgdk_imlib -L/usr/lib -L/usr/X11R6/lib -lgtk -lgdk -rdynamic -lgmodule -lglib -ldl -lXi -lXext -lX11 -lm 1>&5
